2022-07-21 07:00:23,808:INFO:PyCaret Supervised Module
2022-07-21 07:00:23,808:INFO:ML Usecase: classification
2022-07-21 07:00:23,809:INFO:version 2.3.10
2022-07-21 07:00:23,809:INFO:Initializing setup()
2022-07-21 07:00:23,809:INFO:setup(target=target, ml_usecase=classification, available_plots={'parameter': 'Hyperparameters', 'auc': 'AUC', 'confusion_matrix': 'Confusion Matrix', 'threshold': 'Threshold', 'pr': 'Precision Recall', 'error': 'Prediction Error', 'class_report': 'Class Report', 'rfe': 'Feature Selection', 'learning': 'Learning Curve', 'manifold': 'Manifold Learning', 'calibration': 'Calibration Curve', 'vc': 'Validation Curve', 'dimension': 'Dimensions', 'feature': 'Feature Importance', 'feature_all': 'Feature Importance (All)', 'boundary': 'Decision Boundary', 'lift': 'Lift Chart', 'gain': 'Gain Chart', 'tree': 'Decision Tree', 'ks': 'KS Statistic Plot'}, train_size=0.8, test_data=None, preprocess=True, imputation_type=simple, iterative_imputation_iters=5, categorical_features=None, categorical_imputation=constant, categorical_iterative_imputer=lightgbm, ordinal_features=None, high_cardinality_features=None, high_cardinality_method=frequency, numeric_features=None, numeric_imputation=mean, numeric_iterative_imputer=lightgbm, date_features=None, ignore_features=None, normalize=False, normalize_method=zscore, transformation=False, transformation_method=yeo-johnson, handle_unknown_categorical=True, unknown_categorical_method=least_frequent, pca=False, pca_method=linear, pca_components=None, ignore_low_variance=False, combine_rare_levels=False, rare_level_threshold=0.1, bin_numeric_features=None, remove_outliers=False, outliers_threshold=0.05, remove_multicollinearity=False, multicollinearity_threshold=0.9, remove_perfect_collinearity=True, create_clusters=False, cluster_iter=20, polynomial_features=False, polynomial_degree=2, trigonometry_features=False, polynomial_threshold=0.1, group_features=None, group_names=None, feature_selection=False, feature_selection_threshold=0.8, feature_selection_method=classic, feature_interaction=False, feature_ratio=False, interaction_threshold=0.01, fix_imbalance=False, fix_imbalance_method=None, transform_target=False, transform_target_method=box-cox, data_split_shuffle=True, data_split_stratify=False, fold_strategy=stratifiedkfold, fold=10, fold_shuffle=False, fold_groups=None, n_jobs=-1, use_gpu=False, custom_pipeline=None, html=True, session_id=10, log_experiment=False, experiment_name=None, experiment_custom_tags=None, log_plots=False, log_profile=False, log_data=False, silent=False, verbose=True, profile=False, profile_kwargs=None, display=None)
2022-07-21 07:00:23,813:INFO:Checking environment
2022-07-21 07:00:23,813:INFO:python_version: 3.9.6
2022-07-21 07:00:23,813:INFO:python_build: ('tags/v3.9.6:db3ff76', 'Jun 28 2021 15:26:21')
2022-07-21 07:00:23,813:INFO:machine: AMD64
2022-07-21 07:00:23,833:INFO:platform: Windows-10-10.0.19044-SP0
2022-07-21 07:00:23,834:WARNING:cannot find psutil installation. memory not traceable. Install psutil using pip to enable memory logging.
2022-07-21 07:00:23,834:INFO:Checking libraries
2022-07-21 07:00:23,834:INFO:pd==1.3.0
2022-07-21 07:00:23,834:INFO:numpy==1.19.5
2022-07-21 07:00:23,834:INFO:sklearn==0.23.2
2022-07-21 07:00:23,834:INFO:lightgbm==3.3.2
2022-07-21 07:00:23,835:WARNING:catboost not found
2022-07-21 07:00:24,233:INFO:xgboost==1.6.1
2022-07-21 07:00:24,233:INFO:mlflow==1.27.0
2022-07-21 07:00:24,233:INFO:Checking Exceptions
2022-07-21 07:00:24,233:INFO:Declaring global variables
2022-07-21 07:00:24,233:INFO:USI: b059
2022-07-21 07:00:24,233:INFO:pycaret_globals: {'_all_models', 'experiment__', 'X_test', 'target_param', 'X_train', 'create_model_container', 'prep_pipe', 'html_param', 'X', 'imputation_regressor', 'USI', '_internal_pipeline', 'logging_param', 'fix_imbalance_param', 'data_before_preprocess', 'exp_name_log', 'stratify_param', 'imputation_classifier', 'fold_param', 'fold_groups_param_full', 'fold_generator', '_ml_usecase', 'iterative_imputation_iters_param', '_all_metrics', '_all_models_internal', 'gpu_param', 'seed', 'dashboard_logger', 'log_plots_param', '_available_plots', 'display_container', '_gpu_n_jobs_param', 'fold_groups_param', 'pycaret_globals', 'fix_imbalance_method_param', 'fold_shuffle_param', 'transform_target_param', 'y_train', 'master_model_container', 'y', 'y_test', 'n_jobs_param', 'transform_target_method_param'}
2022-07-21 07:00:24,233:INFO:Preparing display monitor
2022-07-21 07:00:24,234:INFO:Preparing display monitor
2022-07-21 07:00:24,245:INFO:Importing libraries
2022-07-21 07:00:24,246:INFO:Copying data for preprocessing
2022-07-21 07:00:24,252:INFO:Declaring preprocessing parameters
2022-07-21 07:00:24,253:INFO:Creating preprocessing pipeline
2022-07-21 07:00:24,268:INFO:Preprocessing pipeline created successfully
2022-07-21 07:00:24,268:ERROR:(Process Exit): setup has been interupted with user command 'quit'. setup must rerun.
2022-07-21 07:00:24,268:INFO:Creating global containers
2022-07-21 07:00:24,269:INFO:Internal pipeline: Pipeline(memory=None, steps=[('empty_step', 'passthrough')], verbose=False)
